<!DOCTYPE html PUBLIC "-//W3C//DTD XHTML 1.1//EN" "http://www.w3.org/TR/xhtml11/DTD/xhtml11.dtd">
<html xmlns="http://www.w3.org/1999/xhtml"><head><title>TestNG Report</title><style type="text/css">table {margin-bottom:10px;border-collapse:collapse;empty-cells:show}th,td {border:1px solid #009;padding:.25em .5em}th {vertical-align:bottom}td {vertical-align:top}table a {font-weight:bold}.stripe td {background-color: #E6EBF9}.num {text-align:right}.passedodd td {background-color: #3F3}.passedeven td {background-color: #0A0}.skippedodd td {background-color: #DDD}.skippedeven td {background-color: #CCC}.failedodd td,.attn {background-color: #F33}.failedeven td,.stripe .attn {background-color: #D00}.stacktrace {white-space:pre;font-family:monospace}.totop {font-size:85%;text-align:center;border-bottom:2px solid #000}</style></head><body><table><tr><th>Test</th><th># Passed</th><th># Skipped</th><th># Failed</th><th>Time (ms)</th><th>Included Groups</th><th>Excluded Groups</th></tr><tr><th colspan="7">REST API Validations</th></tr><tr><td><a href="#t0">API Test Cases</a></td><td class="num">19</td><td class="num">0</td><td class="num attn">3</td><td class="num">19,844</td><td></td><td></td></tr></table><table><thead><tr><th>Class</th><th>Method</th><th>Start</th><th>Time (ms)</th></tr></thead><tbody><tr><th colspan="4">REST API Validations</th></tr></tbody><tbody id="t0"><tr><th colspan="4">API Test Cases &#8212; failed</th></tr><tr class="failedeven"><td rowspan="3">cucumberOptions.TestRunner</td><td><a href="#m0">runScenario</a></td><td rowspan="3">1598416534690</td><td rowspan="3">1698</td></tr><tr class="failedeven"><td><a href="#m1">runScenario</a></td></tr><tr class="failedeven"><td><a href="#m2">runScenario</a></td></tr><tr><th colspan="4">API Test Cases &#8212; passed</th></tr><tr class="passedeven"><td rowspan="19">cucumberOptions.TestRunner</td><td><a href="#m3">runScenario</a></td><td rowspan="19">1598416529354</td><td rowspan="19">814</td></tr><tr class="passedeven"><td><a href="#m4">runScenario</a></td></tr><tr class="passedeven"><td><a href="#m5">runScenario</a></td></tr><tr class="passedeven"><td><a href="#m6">runScenario</a></td></tr><tr class="passedeven"><td><a href="#m7">runScenario</a></td></tr><tr class="passedeven"><td><a href="#m8">runScenario</a></td></tr><tr class="passedeven"><td><a href="#m9">runScenario</a></td></tr><tr class="passedeven"><td><a href="#m10">runScenario</a></td></tr><tr class="passedeven"><td><a href="#m11">runScenario</a></td></tr><tr class="passedeven"><td><a href="#m12">runScenario</a></td></tr><tr class="passedeven"><td><a href="#m13">runScenario</a></td></tr><tr class="passedeven"><td><a href="#m14">runScenario</a></td></tr><tr class="passedeven"><td><a href="#m15">runScenario</a></td></tr><tr class="passedeven"><td><a href="#m16">runScenario</a></td></tr><tr class="passedeven"><td><a href="#m17">runScenario</a></td></tr><tr class="passedeven"><td><a href="#m18">runScenario</a></td></tr><tr class="passedeven"><td><a href="#m19">runScenario</a></td></tr><tr class="passedeven"><td><a href="#m20">runScenario</a></td></tr><tr class="passedeven"><td><a href="#m21">runScenario</a></td></tr></tbody></table><h2>API Test Cases</h2><h3 id="m0">cucumberOptions.TestRunner#runScenario</h3><table class="result"><tr class="param"><th>Parameter #1</th><th>Parameter #2</th></tr><tr class="param stripe"><td>&quot;Verify Positive Scenario Successfull for PUT Request&quot;</td><td>&quot;Optional[Test Cases for PUT Google API]&quot;</td></tr><tr><th colspan="2">Exception</th></tr><tr><td colspan="2"><div class="stacktrace">java.lang.AssertionError: expected:&lt;200&gt; but was:&lt;404&gt;
	at org.junit.Assert.fail(Assert.java:93)
	at org.junit.Assert.failNotEquals(Assert.java:647)
	at org.junit.Assert.assertEquals(Assert.java:128)
	at org.junit.Assert.assertEquals(Assert.java:472)
	at org.junit.Assert.assertEquals(Assert.java:456)
	at utility.CommonRest.verifyStatusCode(CommonRest.java:246)
	at StepDefinations.Common_Step_definations.verifyStatusCode(Common_Step_definations.java:41)
	at ?.status code 200 should be displayed(file:///C:/Users/sdhawan/API_Project/RESTAPIFRAMEWORK/src/test/java/TestCases/Postman_PUT_Google_API.feature:7)
</div></td></tr></table><p class="totop"><a href="#summary">back to summary</a></p><h3 id="m1">cucumberOptions.TestRunner#runScenario</h3><table class="result"><tr class="param"><th>Parameter #1</th><th>Parameter #2</th></tr><tr class="param stripe"><td>&quot;Verify error message is displayed for wrong place id&quot;</td><td>&quot;Optional[Test Cases for GET Google API]&quot;</td></tr><tr><th colspan="2">Exception</th></tr><tr><td colspan="2"><div class="stacktrace">java.lang.AssertionError: expected:&lt;404&gt; but was:&lt;200&gt;
	at org.junit.Assert.fail(Assert.java:93)
	at org.junit.Assert.failNotEquals(Assert.java:647)
	at org.junit.Assert.assertEquals(Assert.java:128)
	at org.junit.Assert.assertEquals(Assert.java:472)
	at org.junit.Assert.assertEquals(Assert.java:456)
	at utility.CommonRest.verifyStatusCode(CommonRest.java:246)
	at StepDefinations.Common_Step_definations.verifyStatusCode(Common_Step_definations.java:41)
	at ?.status code 404 should be displayed(file:///C:/Users/sdhawan/API_Project/RESTAPIFRAMEWORK/src/test/java/TestCases/Postman_GET_Google_API.feature:17)
</div></td></tr></table><p class="totop"><a href="#summary">back to summary</a></p><h3 id="m2">cucumberOptions.TestRunner#runScenario</h3><table class="result"><tr class="param"><th>Parameter #1</th><th>Parameter #2</th></tr><tr class="param stripe"><td>&quot;Verify user is able to add a book successfully&quot;</td><td>&quot;Optional[Test Cases for POST Liabrary API]&quot;</td></tr><tr><th colspan="2">Exception</th></tr><tr><td colspan="2"><div class="stacktrace">java.lang.AssertionError: expected:&lt;200&gt; but was:&lt;404&gt;
	at org.junit.Assert.fail(Assert.java:93)
	at org.junit.Assert.failNotEquals(Assert.java:647)
	at org.junit.Assert.assertEquals(Assert.java:128)
	at org.junit.Assert.assertEquals(Assert.java:472)
	at org.junit.Assert.assertEquals(Assert.java:456)
	at utility.CommonRest.verifyStatusCode(CommonRest.java:246)
	at StepDefinations.Common_Step_definations.verifyStatusCode(Common_Step_definations.java:41)
	at ?.status code 200 should be displayed(file:///C:/Users/sdhawan/API_Project/RESTAPIFRAMEWORK/src/test/java/TestCases/Postman_POST_Liabrary_API.feature:7)
</div></td></tr></table><p class="totop"><a href="#summary">back to summary</a></p><h3 id="m3">cucumberOptions.TestRunner#runScenario</h3><table class="result"><tr class="param"><th>Parameter #1</th><th>Parameter #2</th></tr><tr class="param stripe"><td>&quot;Verify Positive Scenario for Generate Token&quot;</td><td>&quot;Optional[Test Cases for Generate Token API]&quot;</td></tr></table><p class="totop"><a href="#summary">back to summary</a></p><h3 id="m4">cucumberOptions.TestRunner#runScenario</h3><table class="result"><tr class="param"><th>Parameter #1</th><th>Parameter #2</th></tr><tr class="param stripe"><td>&quot;Verify Positive Scenario for Authorize Account&quot;</td><td>&quot;Optional[Test Cases for POST Authorize Account API]&quot;</td></tr></table><p class="totop"><a href="#summary">back to summary</a></p><h3 id="m5">cucumberOptions.TestRunner#runScenario</h3><table class="result"><tr class="param"><th>Parameter #1</th><th>Parameter #2</th></tr><tr class="param stripe"><td>&quot;Verify error message is displayed when Username and Password is not passed in body&quot;</td><td>&quot;Optional[Test Cases for POST Authorize Account API]&quot;</td></tr></table><p class="totop"><a href="#summary">back to summary</a></p><h3 id="m6">cucumberOptions.TestRunner#runScenario</h3><table class="result"><tr class="param"><th>Parameter #1</th><th>Parameter #2</th></tr><tr class="param stripe"><td>&quot;Verify error message is displayed for Body Without UserName and Password&quot;</td><td>&quot;Optional[Test Cases for Generate Token API]&quot;</td></tr></table><p class="totop"><a href="#summary">back to summary</a></p><h3 id="m7">cucumberOptions.TestRunner#runScenario</h3><table class="result"><tr class="param"><th>Parameter #1</th><th>Parameter #2</th></tr><tr class="param stripe"><td>&quot;Verify Positive Scenario Successfull for POST Request&quot;</td><td>&quot;Optional[Test Cases for POST Google API]&quot;</td></tr></table><p class="totop"><a href="#summary">back to summary</a></p><h3 id="m8">cucumberOptions.TestRunner#runScenario</h3><table class="result"><tr class="param"><th>Parameter #1</th><th>Parameter #2</th></tr><tr class="param stripe"><td>&quot;Verify error message is displayed for wrong Password&quot;</td><td>&quot;Optional[Test Cases for Generate Token API]&quot;</td></tr></table><p class="totop"><a href="#summary">back to summary</a></p><h3 id="m9">cucumberOptions.TestRunner#runScenario</h3><table class="result"><tr class="param"><th>Parameter #1</th><th>Parameter #2</th></tr><tr class="param stripe"><td>&quot;Verify Positive Scenario Successfull for GET Request&quot;</td><td>&quot;Optional[Test Cases for GET Google API]&quot;</td></tr></table><p class="totop"><a href="#summary">back to summary</a></p><h3 id="m10">cucumberOptions.TestRunner#runScenario</h3><table class="result"><tr class="param"><th>Parameter #1</th><th>Parameter #2</th></tr><tr class="param stripe"><td>&quot;Verify book details is not diaplyed for wrong author name&quot;</td><td>&quot;Optional[Test Cases for GET Liabrary API]&quot;</td></tr></table><p class="totop"><a href="#summary">back to summary</a></p><h3 id="m11">cucumberOptions.TestRunner#runScenario</h3><table class="result"><tr class="param"><th>Parameter #1</th><th>Parameter #2</th></tr><tr class="param stripe"><td>&quot;Verify Positive Scenario Successfull for POST Request&quot;</td><td>&quot;Optional[Test Cases for POST Google API]&quot;</td></tr></table><p class="totop"><a href="#summary">back to summary</a></p><h3 id="m12">cucumberOptions.TestRunner#runScenario</h3><table class="result"><tr class="param"><th>Parameter #1</th><th>Parameter #2</th></tr><tr class="param stripe"><td>&quot;Verify all details of Books&quot;</td><td>&quot;Optional[Test Cases for GET Book Details]&quot;</td></tr></table><p class="totop"><a href="#summary">back to summary</a></p><h3 id="m13">cucumberOptions.TestRunner#runScenario</h3><table class="result"><tr class="param"><th>Parameter #1</th><th>Parameter #2</th></tr><tr class="param stripe"><td>&quot;Verify user is able get a book details by author name&quot;</td><td>&quot;Optional[Test Cases for GET Liabrary API]&quot;</td></tr></table><p class="totop"><a href="#summary">back to summary</a></p><h3 id="m14">cucumberOptions.TestRunner#runScenario</h3><table class="result"><tr class="param"><th>Parameter #1</th><th>Parameter #2</th></tr><tr class="param stripe"><td>&quot;Verify book details is not diaplyed for wrong ID&quot;</td><td>&quot;Optional[Test Cases for GET Liabrary API]&quot;</td></tr></table><p class="totop"><a href="#summary">back to summary</a></p><h3 id="m15">cucumberOptions.TestRunner#runScenario</h3><table class="result"><tr class="param"><th>Parameter #1</th><th>Parameter #2</th></tr><tr class="param stripe"><td>&quot;Verify Positive Scenario Successfull for POST Request&quot;</td><td>&quot;Optional[Test Cases for POST Google API]&quot;</td></tr></table><p class="totop"><a href="#summary">back to summary</a></p><h3 id="m16">cucumberOptions.TestRunner#runScenario</h3><table class="result"><tr class="param"><th>Parameter #1</th><th>Parameter #2</th></tr><tr class="param stripe"><td>&quot;Verify error message is displayed if book is alrady present&quot;</td><td>&quot;Optional[Test Cases for POST Liabrary API]&quot;</td></tr></table><p class="totop"><a href="#summary">back to summary</a></p><h3 id="m17">cucumberOptions.TestRunner#runScenario</h3><table class="result"><tr class="param"><th>Parameter #1</th><th>Parameter #2</th></tr><tr class="param stripe"><td>&quot;Verify User Not Found error is displayed for wrong UserName and Password&quot;</td><td>&quot;Optional[Test Cases for POST Authorize Account API]&quot;</td></tr></table><p class="totop"><a href="#summary">back to summary</a></p><h3 id="m18">cucumberOptions.TestRunner#runScenario</h3><table class="result"><tr class="param"><th>Parameter #1</th><th>Parameter #2</th></tr><tr class="param stripe"><td>&quot;Verify error message is displayed for wrong UserName&quot;</td><td>&quot;Optional[Test Cases for Generate Token API]&quot;</td></tr></table><p class="totop"><a href="#summary">back to summary</a></p><h3 id="m19">cucumberOptions.TestRunner#runScenario</h3><table class="result"><tr class="param"><th>Parameter #1</th><th>Parameter #2</th></tr><tr class="param stripe"><td>&quot;Verify user is able get a book details by ID&quot;</td><td>&quot;Optional[Test Cases for GET Liabrary API]&quot;</td></tr></table><p class="totop"><a href="#summary">back to summary</a></p><h3 id="m20">cucumberOptions.TestRunner#runScenario</h3><table class="result"><tr class="param"><th>Parameter #1</th><th>Parameter #2</th></tr><tr class="param stripe"><td>&quot;Verify erroe message for wrong place id&quot;</td><td>&quot;Optional[Test Cases for PUT Google API]&quot;</td></tr></table><p class="totop"><a href="#summary">back to summary</a></p><h3 id="m21">cucumberOptions.TestRunner#runScenario</h3><table class="result"><tr class="param"><th>Parameter #1</th><th>Parameter #2</th></tr><tr class="param stripe"><td>&quot;Verify user is able to retrive book details based on ISBN number&quot;</td><td>&quot;Optional[Test Cases for GET Book Details]&quot;</td></tr></table><p class="totop"><a href="#summary">back to summary</a></p></body></html>