<?xml version="1.0" encoding="UTF-8"?>
<testng-results skipped="0" failed="3" total="22" passed="19">
  <reporter-output>
  </reporter-output>
  <suite name="REST API Validations" duration-ms="19844" started-at="2020-08-26T04:35:18Z" finished-at="2020-08-26T04:35:38Z">
    <groups>
      <group name="cucumber">
        <method signature="AbstractTestNGCucumberTests.runScenario(io.cucumber.testng.PickleWrapper, io.cucumber.testng.FeatureWrapper)[pri:0, instance:cucumberOptions.TestRunner@43a25848]" name="runScenario" class="io.cucumber.testng.AbstractTestNGCucumberTests"/>
      </group> <!-- cucumber -->
    </groups>
    <test name="API Test Cases" duration-ms="19844" started-at="2020-08-26T04:35:18Z" finished-at="2020-08-26T04:35:38Z">
      <class name="cucumberOptions.TestRunner">
        <test-method status="PASS" signature="setUpClass()[pri:0, instance:cucumberOptions.TestRunner@43a25848]" name="setUpClass" is-config="true" duration-ms="992" started-at="2020-08-26T10:05:18Z" finished-at="2020-08-26T10:05:19Z">
          <reporter-output>
          </reporter-output>
        </test-method> <!-- setUpClass -->
        <test-method status="PASS" signature="runScenario(io.cucumber.testng.PickleWrapper, io.cucumber.testng.FeatureWrapper)[pri:0, instance:cucumberOptions.TestRunner@43a25848]" name="runScenario" duration-ms="6605" started-at="2020-08-26T10:05:19Z" description="Runs Cucumber Scenarios" data-provider="scenarios" finished-at="2020-08-26T10:05:25Z">
          <params>
            <param index="0">
              <value>
                <![CDATA["Verify all details of Books"]]>
              </value>
            </param>
            <param index="1">
              <value>
                <![CDATA["Optional[Test Cases for GET Book Details]"]]>
              </value>
            </param>
          </params>
          <reporter-output>
          </reporter-output>
        </test-method> <!-- runScenario -->
        <test-method status="PASS" signature="runScenario(io.cucumber.testng.PickleWrapper, io.cucumber.testng.FeatureWrapper)[pri:0, instance:cucumberOptions.TestRunner@43a25848]" name="runScenario" duration-ms="1025" started-at="2020-08-26T10:05:25Z" description="Runs Cucumber Scenarios" data-provider="scenarios" finished-at="2020-08-26T10:05:26Z">
          <params>
            <param index="0">
              <value>
                <![CDATA["Verify user is able to retrive book details based on ISBN number"]]>
              </value>
            </param>
            <param index="1">
              <value>
                <![CDATA["Optional[Test Cases for GET Book Details]"]]>
              </value>
            </param>
          </params>
          <reporter-output>
          </reporter-output>
        </test-method> <!-- runScenario -->
        <test-method status="PASS" signature="runScenario(io.cucumber.testng.PickleWrapper, io.cucumber.testng.FeatureWrapper)[pri:0, instance:cucumberOptions.TestRunner@43a25848]" name="runScenario" duration-ms="848" started-at="2020-08-26T10:05:26Z" description="Runs Cucumber Scenarios" data-provider="scenarios" finished-at="2020-08-26T10:05:27Z">
          <params>
            <param index="0">
              <value>
                <![CDATA["Verify Positive Scenario for Authorize Account"]]>
              </value>
            </param>
            <param index="1">
              <value>
                <![CDATA["Optional[Test Cases for POST Authorize Account API]"]]>
              </value>
            </param>
          </params>
          <reporter-output>
          </reporter-output>
        </test-method> <!-- runScenario -->
        <test-method status="PASS" signature="runScenario(io.cucumber.testng.PickleWrapper, io.cucumber.testng.FeatureWrapper)[pri:0, instance:cucumberOptions.TestRunner@43a25848]" name="runScenario" duration-ms="780" started-at="2020-08-26T10:05:27Z" description="Runs Cucumber Scenarios" data-provider="scenarios" finished-at="2020-08-26T10:05:28Z">
          <params>
            <param index="0">
              <value>
                <![CDATA["Verify User Not Found error is displayed for wrong UserName and Password"]]>
              </value>
            </param>
            <param index="1">
              <value>
                <![CDATA["Optional[Test Cases for POST Authorize Account API]"]]>
              </value>
            </param>
          </params>
          <reporter-output>
          </reporter-output>
        </test-method> <!-- runScenario -->
        <test-method status="PASS" signature="runScenario(io.cucumber.testng.PickleWrapper, io.cucumber.testng.FeatureWrapper)[pri:0, instance:cucumberOptions.TestRunner@43a25848]" name="runScenario" duration-ms="738" started-at="2020-08-26T10:05:28Z" description="Runs Cucumber Scenarios" data-provider="scenarios" finished-at="2020-08-26T10:05:29Z">
          <params>
            <param index="0">
              <value>
                <![CDATA["Verify error message is displayed when Username and Password is not passed in body"]]>
              </value>
            </param>
            <param index="1">
              <value>
                <![CDATA["Optional[Test Cases for POST Authorize Account API]"]]>
              </value>
            </param>
          </params>
          <reporter-output>
          </reporter-output>
        </test-method> <!-- runScenario -->
        <test-method status="PASS" signature="runScenario(io.cucumber.testng.PickleWrapper, io.cucumber.testng.FeatureWrapper)[pri:0, instance:cucumberOptions.TestRunner@43a25848]" name="runScenario" duration-ms="814" started-at="2020-08-26T10:05:29Z" description="Runs Cucumber Scenarios" data-provider="scenarios" finished-at="2020-08-26T10:05:30Z">
          <params>
            <param index="0">
              <value>
                <![CDATA["Verify Positive Scenario for Generate Token"]]>
              </value>
            </param>
            <param index="1">
              <value>
                <![CDATA["Optional[Test Cases for Generate Token API]"]]>
              </value>
            </param>
          </params>
          <reporter-output>
          </reporter-output>
        </test-method> <!-- runScenario -->
        <test-method status="PASS" signature="runScenario(io.cucumber.testng.PickleWrapper, io.cucumber.testng.FeatureWrapper)[pri:0, instance:cucumberOptions.TestRunner@43a25848]" name="runScenario" duration-ms="779" started-at="2020-08-26T10:05:30Z" description="Runs Cucumber Scenarios" data-provider="scenarios" finished-at="2020-08-26T10:05:30Z">
          <params>
            <param index="0">
              <value>
                <![CDATA["Verify error message is displayed for wrong UserName"]]>
              </value>
            </param>
            <param index="1">
              <value>
                <![CDATA["Optional[Test Cases for Generate Token API]"]]>
              </value>
            </param>
          </params>
          <reporter-output>
          </reporter-output>
        </test-method> <!-- runScenario -->
        <test-method status="PASS" signature="runScenario(io.cucumber.testng.PickleWrapper, io.cucumber.testng.FeatureWrapper)[pri:0, instance:cucumberOptions.TestRunner@43a25848]" name="runScenario" duration-ms="794" started-at="2020-08-26T10:05:30Z" description="Runs Cucumber Scenarios" data-provider="scenarios" finished-at="2020-08-26T10:05:31Z">
          <params>
            <param index="0">
              <value>
                <![CDATA["Verify error message is displayed for wrong Password"]]>
              </value>
            </param>
            <param index="1">
              <value>
                <![CDATA["Optional[Test Cases for Generate Token API]"]]>
              </value>
            </param>
          </params>
          <reporter-output>
          </reporter-output>
        </test-method> <!-- runScenario -->
        <test-method status="PASS" signature="runScenario(io.cucumber.testng.PickleWrapper, io.cucumber.testng.FeatureWrapper)[pri:0, instance:cucumberOptions.TestRunner@43a25848]" name="runScenario" duration-ms="782" started-at="2020-08-26T10:05:31Z" description="Runs Cucumber Scenarios" data-provider="scenarios" finished-at="2020-08-26T10:05:32Z">
          <params>
            <param index="0">
              <value>
                <![CDATA["Verify error message is displayed for Body Without UserName and Password"]]>
              </value>
            </param>
            <param index="1">
              <value>
                <![CDATA["Optional[Test Cases for Generate Token API]"]]>
              </value>
            </param>
          </params>
          <reporter-output>
          </reporter-output>
        </test-method> <!-- runScenario -->
        <test-method status="PASS" signature="runScenario(io.cucumber.testng.PickleWrapper, io.cucumber.testng.FeatureWrapper)[pri:0, instance:cucumberOptions.TestRunner@43a25848]" name="runScenario" duration-ms="310" started-at="2020-08-26T10:05:32Z" description="Runs Cucumber Scenarios" data-provider="scenarios" finished-at="2020-08-26T10:05:32Z">
          <params>
            <param index="0">
              <value>
                <![CDATA["Verify Positive Scenario Successfull for GET Request"]]>
              </value>
            </param>
            <param index="1">
              <value>
                <![CDATA["Optional[Test Cases for GET Google API]"]]>
              </value>
            </param>
          </params>
          <reporter-output>
          </reporter-output>
        </test-method> <!-- runScenario -->
        <test-method status="FAIL" signature="runScenario(io.cucumber.testng.PickleWrapper, io.cucumber.testng.FeatureWrapper)[pri:0, instance:cucumberOptions.TestRunner@43a25848]" name="runScenario" duration-ms="150" started-at="2020-08-26T10:05:32Z" description="Runs Cucumber Scenarios" data-provider="scenarios" finished-at="2020-08-26T10:05:33Z">
          <params>
            <param index="0">
              <value>
                <![CDATA["Verify error message is displayed for wrong place id"]]>
              </value>
            </param>
            <param index="1">
              <value>
                <![CDATA["Optional[Test Cases for GET Google API]"]]>
              </value>
            </param>
          </params>
          <exception class="java.lang.AssertionError">
            <message>
              <![CDATA[expected:<404> but was:<200>]]>
            </message>
            <full-stacktrace>
              <![CDATA[java.lang.AssertionError: expected:<404> but was:<200>
	at org.junit.Assert.fail(Assert.java:93)
	at org.junit.Assert.failNotEquals(Assert.java:647)
	at org.junit.Assert.assertEquals(Assert.java:128)
	at org.junit.Assert.assertEquals(Assert.java:472)
	at org.junit.Assert.assertEquals(Assert.java:456)
	at utility.CommonRest.verifyStatusCode(CommonRest.java:246)
	at StepDefinations.Common_Step_definations.verifyStatusCode(Common_Step_definations.java:41)
	at ✽.status code 404 should be displayed(file:///C:/Users/sdhawan/API_Project/RESTAPIFRAMEWORK/src/test/java/TestCases/Postman_GET_Google_API.feature:17)
]]>
            </full-stacktrace>
          </exception> <!-- java.lang.AssertionError -->
          <reporter-output>
          </reporter-output>
        </test-method> <!-- runScenario -->
        <test-method status="PASS" signature="runScenario(io.cucumber.testng.PickleWrapper, io.cucumber.testng.FeatureWrapper)[pri:0, instance:cucumberOptions.TestRunner@43a25848]" name="runScenario" duration-ms="188" started-at="2020-08-26T10:05:33Z" description="Runs Cucumber Scenarios" data-provider="scenarios" finished-at="2020-08-26T10:05:33Z">
          <params>
            <param index="0">
              <value>
                <![CDATA["Verify user is able get a book details by author name"]]>
              </value>
            </param>
            <param index="1">
              <value>
                <![CDATA["Optional[Test Cases for GET Liabrary API]"]]>
              </value>
            </param>
          </params>
          <reporter-output>
          </reporter-output>
        </test-method> <!-- runScenario -->
        <test-method status="PASS" signature="runScenario(io.cucumber.testng.PickleWrapper, io.cucumber.testng.FeatureWrapper)[pri:0, instance:cucumberOptions.TestRunner@43a25848]" name="runScenario" duration-ms="164" started-at="2020-08-26T10:05:33Z" description="Runs Cucumber Scenarios" data-provider="scenarios" finished-at="2020-08-26T10:05:33Z">
          <params>
            <param index="0">
              <value>
                <![CDATA["Verify book details is not diaplyed for wrong author name"]]>
              </value>
            </param>
            <param index="1">
              <value>
                <![CDATA["Optional[Test Cases for GET Liabrary API]"]]>
              </value>
            </param>
          </params>
          <reporter-output>
          </reporter-output>
        </test-method> <!-- runScenario -->
        <test-method status="PASS" signature="runScenario(io.cucumber.testng.PickleWrapper, io.cucumber.testng.FeatureWrapper)[pri:0, instance:cucumberOptions.TestRunner@43a25848]" name="runScenario" duration-ms="213" started-at="2020-08-26T10:05:33Z" description="Runs Cucumber Scenarios" data-provider="scenarios" finished-at="2020-08-26T10:05:33Z">
          <params>
            <param index="0">
              <value>
                <![CDATA["Verify user is able get a book details by ID"]]>
              </value>
            </param>
            <param index="1">
              <value>
                <![CDATA["Optional[Test Cases for GET Liabrary API]"]]>
              </value>
            </param>
          </params>
          <reporter-output>
          </reporter-output>
        </test-method> <!-- runScenario -->
        <test-method status="PASS" signature="runScenario(io.cucumber.testng.PickleWrapper, io.cucumber.testng.FeatureWrapper)[pri:0, instance:cucumberOptions.TestRunner@43a25848]" name="runScenario" duration-ms="180" started-at="2020-08-26T10:05:33Z" description="Runs Cucumber Scenarios" data-provider="scenarios" finished-at="2020-08-26T10:05:33Z">
          <params>
            <param index="0">
              <value>
                <![CDATA["Verify book details is not diaplyed for wrong ID"]]>
              </value>
            </param>
            <param index="1">
              <value>
                <![CDATA["Optional[Test Cases for GET Liabrary API]"]]>
              </value>
            </param>
          </params>
          <reporter-output>
          </reporter-output>
        </test-method> <!-- runScenario -->
        <test-method status="PASS" signature="runScenario(io.cucumber.testng.PickleWrapper, io.cucumber.testng.FeatureWrapper)[pri:0, instance:cucumberOptions.TestRunner@43a25848]" name="runScenario" duration-ms="284" started-at="2020-08-26T10:05:33Z" description="Runs Cucumber Scenarios" data-provider="scenarios" finished-at="2020-08-26T10:05:34Z">
          <params>
            <param index="0">
              <value>
                <![CDATA["Verify Positive Scenario Successfull for POST Request"]]>
              </value>
            </param>
            <param index="1">
              <value>
                <![CDATA["Optional[Test Cases for POST Google API]"]]>
              </value>
            </param>
          </params>
          <reporter-output>
          </reporter-output>
        </test-method> <!-- runScenario -->
        <test-method status="PASS" signature="runScenario(io.cucumber.testng.PickleWrapper, io.cucumber.testng.FeatureWrapper)[pri:0, instance:cucumberOptions.TestRunner@43a25848]" name="runScenario" duration-ms="145" started-at="2020-08-26T10:05:34Z" description="Runs Cucumber Scenarios" data-provider="scenarios" finished-at="2020-08-26T10:05:34Z">
          <params>
            <param index="0">
              <value>
                <![CDATA["Verify Positive Scenario Successfull for POST Request"]]>
              </value>
            </param>
            <param index="1">
              <value>
                <![CDATA["Optional[Test Cases for POST Google API]"]]>
              </value>
            </param>
          </params>
          <reporter-output>
          </reporter-output>
        </test-method> <!-- runScenario -->
        <test-method status="PASS" signature="runScenario(io.cucumber.testng.PickleWrapper, io.cucumber.testng.FeatureWrapper)[pri:0, instance:cucumberOptions.TestRunner@43a25848]" name="runScenario" duration-ms="188" started-at="2020-08-26T10:05:34Z" description="Runs Cucumber Scenarios" data-provider="scenarios" finished-at="2020-08-26T10:05:34Z">
          <params>
            <param index="0">
              <value>
                <![CDATA["Verify Positive Scenario Successfull for POST Request"]]>
              </value>
            </param>
            <param index="1">
              <value>
                <![CDATA["Optional[Test Cases for POST Google API]"]]>
              </value>
            </param>
          </params>
          <reporter-output>
          </reporter-output>
        </test-method> <!-- runScenario -->
        <test-method status="FAIL" signature="runScenario(io.cucumber.testng.PickleWrapper, io.cucumber.testng.FeatureWrapper)[pri:0, instance:cucumberOptions.TestRunner@43a25848]" name="runScenario" duration-ms="147" started-at="2020-08-26T10:05:34Z" description="Runs Cucumber Scenarios" data-provider="scenarios" finished-at="2020-08-26T10:05:34Z">
          <params>
            <param index="0">
              <value>
                <![CDATA["Verify user is able to add a book successfully"]]>
              </value>
            </param>
            <param index="1">
              <value>
                <![CDATA["Optional[Test Cases for POST Liabrary API]"]]>
              </value>
            </param>
          </params>
          <exception class="java.lang.AssertionError">
            <message>
              <![CDATA[expected:<200> but was:<404>]]>
            </message>
            <full-stacktrace>
              <![CDATA[java.lang.AssertionError: expected:<200> but was:<404>
	at org.junit.Assert.fail(Assert.java:93)
	at org.junit.Assert.failNotEquals(Assert.java:647)
	at org.junit.Assert.assertEquals(Assert.java:128)
	at org.junit.Assert.assertEquals(Assert.java:472)
	at org.junit.Assert.assertEquals(Assert.java:456)
	at utility.CommonRest.verifyStatusCode(CommonRest.java:246)
	at StepDefinations.Common_Step_definations.verifyStatusCode(Common_Step_definations.java:41)
	at ✽.status code 200 should be displayed(file:///C:/Users/sdhawan/API_Project/RESTAPIFRAMEWORK/src/test/java/TestCases/Postman_POST_Liabrary_API.feature:7)
]]>
            </full-stacktrace>
          </exception> <!-- java.lang.AssertionError -->
          <reporter-output>
          </reporter-output>
        </test-method> <!-- runScenario -->
        <test-method status="PASS" signature="runScenario(io.cucumber.testng.PickleWrapper, io.cucumber.testng.FeatureWrapper)[pri:0, instance:cucumberOptions.TestRunner@43a25848]" name="runScenario" duration-ms="157" started-at="2020-08-26T10:05:34Z" description="Runs Cucumber Scenarios" data-provider="scenarios" finished-at="2020-08-26T10:05:34Z">
          <params>
            <param index="0">
              <value>
                <![CDATA["Verify error message is displayed if book is alrady present"]]>
              </value>
            </param>
            <param index="1">
              <value>
                <![CDATA["Optional[Test Cases for POST Liabrary API]"]]>
              </value>
            </param>
          </params>
          <reporter-output>
          </reporter-output>
        </test-method> <!-- runScenario -->
        <test-method status="FAIL" signature="runScenario(io.cucumber.testng.PickleWrapper, io.cucumber.testng.FeatureWrapper)[pri:0, instance:cucumberOptions.TestRunner@43a25848]" name="runScenario" duration-ms="1698" started-at="2020-08-26T10:05:34Z" description="Runs Cucumber Scenarios" data-provider="scenarios" finished-at="2020-08-26T10:05:36Z">
          <params>
            <param index="0">
              <value>
                <![CDATA["Verify Positive Scenario Successfull for PUT Request"]]>
              </value>
            </param>
            <param index="1">
              <value>
                <![CDATA["Optional[Test Cases for PUT Google API]"]]>
              </value>
            </param>
          </params>
          <exception class="java.lang.AssertionError">
            <message>
              <![CDATA[expected:<200> but was:<404>]]>
            </message>
            <full-stacktrace>
              <![CDATA[java.lang.AssertionError: expected:<200> but was:<404>
	at org.junit.Assert.fail(Assert.java:93)
	at org.junit.Assert.failNotEquals(Assert.java:647)
	at org.junit.Assert.assertEquals(Assert.java:128)
	at org.junit.Assert.assertEquals(Assert.java:472)
	at org.junit.Assert.assertEquals(Assert.java:456)
	at utility.CommonRest.verifyStatusCode(CommonRest.java:246)
	at StepDefinations.Common_Step_definations.verifyStatusCode(Common_Step_definations.java:41)
	at ✽.status code 200 should be displayed(file:///C:/Users/sdhawan/API_Project/RESTAPIFRAMEWORK/src/test/java/TestCases/Postman_PUT_Google_API.feature:7)
]]>
            </full-stacktrace>
          </exception> <!-- java.lang.AssertionError -->
          <reporter-output>
          </reporter-output>
        </test-method> <!-- runScenario -->
        <test-method status="PASS" signature="runScenario(io.cucumber.testng.PickleWrapper, io.cucumber.testng.FeatureWrapper)[pri:0, instance:cucumberOptions.TestRunner@43a25848]" name="runScenario" duration-ms="1553" started-at="2020-08-26T10:05:36Z" description="Runs Cucumber Scenarios" data-provider="scenarios" finished-at="2020-08-26T10:05:37Z">
          <params>
            <param index="0">
              <value>
                <![CDATA["Verify erroe message for wrong place id"]]>
              </value>
            </param>
            <param index="1">
              <value>
                <![CDATA["Optional[Test Cases for PUT Google API]"]]>
              </value>
            </param>
          </params>
          <reporter-output>
          </reporter-output>
        </test-method> <!-- runScenario -->
        <test-method status="PASS" signature="tearDownClass()[pri:0, instance:cucumberOptions.TestRunner@43a25848]" name="tearDownClass" is-config="true" duration-ms="221" started-at="2020-08-26T10:05:37Z" finished-at="2020-08-26T10:05:38Z">
          <reporter-output>
          </reporter-output>
        </test-method> <!-- tearDownClass -->
      </class> <!-- cucumberOptions.TestRunner -->
    </test> <!-- API Test Cases -->
  </suite> <!-- REST API Validations -->
</testng-results>
