<?xml version="1.0" encoding="UTF-8"?>
<!-- Generated by org.testng.reporters.JUnitReportReporter -->
<testsuite hostname="HIPUNL71802" name="cucumberOptions.TestRunner" tests="22" failures="0" timestamp="26 Aug 2020 04:42:20 GMT" time="17.512" errors="3">
  <testcase name="runScenario" time="0.204" classname="cucumberOptions.TestRunner"/>
  <testcase name="runScenario" time="0.864" classname="cucumberOptions.TestRunner"/>
  <testcase name="runScenario" time="0.855" classname="cucumberOptions.TestRunner"/>
  <testcase name="runScenario" time="0.179" classname="cucumberOptions.TestRunner"/>
  <testcase name="runScenario" time="0.125" classname="cucumberOptions.TestRunner">
    <error type="java.lang.AssertionError" message="expected:&lt;200&gt; but was:&lt;404&gt;">
      <![CDATA[java.lang.AssertionError: expected:<200> but was:<404>
	at org.junit.Assert.fail(Assert.java:93)
	at org.junit.Assert.failNotEquals(Assert.java:647)
	at org.junit.Assert.assertEquals(Assert.java:128)
	at org.junit.Assert.assertEquals(Assert.java:472)
	at org.junit.Assert.assertEquals(Assert.java:456)
	at utility.CommonRest.verifyStatusCode(CommonRest.java:246)
	at StepDefinations.Common_Step_definations.verifyStatusCode(Common_Step_definations.java:41)
	at ?.status code 200 should be displayed(file:///C:/Users/sdhawan/API_Project/RESTAPIFRAMEWORK/src/test/java/TestCases/Postman_POST_Liabrary_API.feature:7)
]]>
    </error>
  </testcase> <!-- runScenario -->
  <testcase name="runScenario" time="0.140" classname="cucumberOptions.TestRunner"/>
  <testcase name="runScenario" time="0.223" classname="cucumberOptions.TestRunner"/>
  <testcase name="runScenario" time="5.450" classname="cucumberOptions.TestRunner"/>
  <testcase name="runScenario" time="0.788" classname="cucumberOptions.TestRunner"/>
  <testcase name="runScenario" time="0.206" classname="cucumberOptions.TestRunner">
    <error type="java.lang.AssertionError" message="expected:&lt;404&gt; but was:&lt;200&gt;">
      <![CDATA[java.lang.AssertionError: expected:<404> but was:<200>
	at org.junit.Assert.fail(Assert.java:93)
	at org.junit.Assert.failNotEquals(Assert.java:647)
	at org.junit.Assert.assertEquals(Assert.java:128)
	at org.junit.Assert.assertEquals(Assert.java:472)
	at org.junit.Assert.assertEquals(Assert.java:456)
	at utility.CommonRest.verifyStatusCode(CommonRest.java:246)
	at StepDefinations.Common_Step_definations.verifyStatusCode(Common_Step_definations.java:41)
	at ?.status code 404 should be displayed(file:///C:/Users/sdhawan/API_Project/RESTAPIFRAMEWORK/src/test/java/TestCases/Postman_GET_Google_API.feature:17)
]]>
    </error>
  </testcase> <!-- runScenario -->
  <testcase name="runScenario" time="1.564" classname="cucumberOptions.TestRunner">
    <error type="java.lang.AssertionError" message="expected:&lt;200&gt; but was:&lt;404&gt;">
      <![CDATA[java.lang.AssertionError: expected:<200> but was:<404>
	at org.junit.Assert.fail(Assert.java:93)
	at org.junit.Assert.failNotEquals(Assert.java:647)
	at org.junit.Assert.assertEquals(Assert.java:128)
	at org.junit.Assert.assertEquals(Assert.java:472)
	at org.junit.Assert.assertEquals(Assert.java:456)
	at utility.CommonRest.verifyStatusCode(CommonRest.java:246)
	at StepDefinations.Common_Step_definations.verifyStatusCode(Common_Step_definations.java:41)
	at ?.status code 200 should be displayed(file:///C:/Users/sdhawan/API_Project/RESTAPIFRAMEWORK/src/test/java/TestCases/Postman_PUT_Google_API.feature:7)
]]>
    </error>
  </testcase> <!-- runScenario -->
  <testcase name="runScenario" time="0.201" classname="cucumberOptions.TestRunner"/>
  <testcase name="runScenario" time="0.871" classname="cucumberOptions.TestRunner"/>
  <testcase name="runScenario" time="0.762" classname="cucumberOptions.TestRunner"/>
  <testcase name="runScenario" time="0.260" classname="cucumberOptions.TestRunner"/>
  <testcase name="runScenario" time="1.582" classname="cucumberOptions.TestRunner"/>
  <testcase name="runScenario" time="0.756" classname="cucumberOptions.TestRunner"/>
  <testcase name="runScenario" time="0.269" classname="cucumberOptions.TestRunner"/>
  <testcase name="runScenario" time="1.034" classname="cucumberOptions.TestRunner"/>
  <testcase name="runScenario" time="0.231" classname="cucumberOptions.TestRunner"/>
  <testcase name="runScenario" time="0.807" classname="cucumberOptions.TestRunner"/>
  <testcase name="runScenario" time="0.141" classname="cucumberOptions.TestRunner"/>
</testsuite> <!-- cucumberOptions.TestRunner -->
