<?xml version="1.0" encoding="UTF-8"?>
<!-- Generated by org.testng.reporters.JUnitReportReporter -->
<testsuite hostname="HIPUNL71802" name="cucumberOptions.TestRunner" tests="22" failures="3" timestamp="26 Aug 2020 04:35:38 GMT" time="18.542" errors="0">
  <testcase name="runScenario" time="0.814" classname="cucumberOptions.TestRunner"/>
  <testcase name="runScenario" time="0.150" classname="cucumberOptions.TestRunner">
    <failure type="java.lang.AssertionError" message="expected:&lt;404&gt; but was:&lt;200&gt;">
      <![CDATA[java.lang.AssertionError: expected:<404> but was:<200>
	at org.junit.Assert.fail(Assert.java:93)
	at org.junit.Assert.failNotEquals(Assert.java:647)
	at org.junit.Assert.assertEquals(Assert.java:128)
	at org.junit.Assert.assertEquals(Assert.java:472)
	at org.junit.Assert.assertEquals(Assert.java:456)
	at utility.CommonRest.verifyStatusCode(CommonRest.java:246)
	at StepDefinations.Common_Step_definations.verifyStatusCode(Common_Step_definations.java:41)
	at ✽.status code 404 should be displayed(file:///C:/Users/sdhawan/API_Project/RESTAPIFRAMEWORK/src/test/java/TestCases/Postman_GET_Google_API.feature:17)
]]>
    </failure>
  </testcase> <!-- runScenario -->
  <testcase name="runScenario" time="0.848" classname="cucumberOptions.TestRunner"/>
  <testcase name="runScenario" time="0.738" classname="cucumberOptions.TestRunner"/>
  <testcase name="runScenario" time="0.782" classname="cucumberOptions.TestRunner"/>
  <testcase name="runScenario" time="0.188" classname="cucumberOptions.TestRunner"/>
  <testcase name="runScenario" time="0.794" classname="cucumberOptions.TestRunner"/>
  <testcase name="runScenario" time="0.310" classname="cucumberOptions.TestRunner"/>
  <testcase name="runScenario" time="0.147" classname="cucumberOptions.TestRunner">
    <failure type="java.lang.AssertionError" message="expected:&lt;200&gt; but was:&lt;404&gt;">
      <![CDATA[java.lang.AssertionError: expected:<200> but was:<404>
	at org.junit.Assert.fail(Assert.java:93)
	at org.junit.Assert.failNotEquals(Assert.java:647)
	at org.junit.Assert.assertEquals(Assert.java:128)
	at org.junit.Assert.assertEquals(Assert.java:472)
	at org.junit.Assert.assertEquals(Assert.java:456)
	at utility.CommonRest.verifyStatusCode(CommonRest.java:246)
	at StepDefinations.Common_Step_definations.verifyStatusCode(Common_Step_definations.java:41)
	at ✽.status code 200 should be displayed(file:///C:/Users/sdhawan/API_Project/RESTAPIFRAMEWORK/src/test/java/TestCases/Postman_POST_Liabrary_API.feature:7)
]]>
    </failure>
  </testcase> <!-- runScenario -->
  <testcase name="runScenario" time="0.164" classname="cucumberOptions.TestRunner"/>
  <testcase name="runScenario" time="0.284" classname="cucumberOptions.TestRunner"/>
  <testcase name="runScenario" time="1.698" classname="cucumberOptions.TestRunner">
    <failure type="java.lang.AssertionError" message="expected:&lt;200&gt; but was:&lt;404&gt;">
      <![CDATA[java.lang.AssertionError: expected:<200> but was:<404>
	at org.junit.Assert.fail(Assert.java:93)
	at org.junit.Assert.failNotEquals(Assert.java:647)
	at org.junit.Assert.assertEquals(Assert.java:128)
	at org.junit.Assert.assertEquals(Assert.java:472)
	at org.junit.Assert.assertEquals(Assert.java:456)
	at utility.CommonRest.verifyStatusCode(CommonRest.java:246)
	at StepDefinations.Common_Step_definations.verifyStatusCode(Common_Step_definations.java:41)
	at ✽.status code 200 should be displayed(file:///C:/Users/sdhawan/API_Project/RESTAPIFRAMEWORK/src/test/java/TestCases/Postman_PUT_Google_API.feature:7)
]]>
    </failure>
  </testcase> <!-- runScenario -->
  <testcase name="runScenario" time="6.605" classname="cucumberOptions.TestRunner"/>
  <testcase name="runScenario" time="0.188" classname="cucumberOptions.TestRunner"/>
  <testcase name="runScenario" time="0.180" classname="cucumberOptions.TestRunner"/>
  <testcase name="runScenario" time="0.145" classname="cucumberOptions.TestRunner"/>
  <testcase name="runScenario" time="0.157" classname="cucumberOptions.TestRunner"/>
  <testcase name="runScenario" time="0.780" classname="cucumberOptions.TestRunner"/>
  <testcase name="runScenario" time="0.779" classname="cucumberOptions.TestRunner"/>
  <testcase name="runScenario" time="0.213" classname="cucumberOptions.TestRunner"/>
  <testcase name="runScenario" time="1.553" classname="cucumberOptions.TestRunner"/>
  <testcase name="runScenario" time="1.025" classname="cucumberOptions.TestRunner"/>
</testsuite> <!-- cucumberOptions.TestRunner -->
