<?xml version="1.0" encoding="UTF-8"?>
<!-- Generated by org.testng.reporters.JUnitXMLReporter -->
<testsuite hostname="HIPUNL71802" name="API Test Cases" tests="22" failures="3" timestamp="25 Aug 2020 04:12:46 GMT" time="19.768" errors="0">
  <testcase name="runScenario" time="6.445" classname="cucumberOptions.TestRunner"/>
  <testcase name="runScenario" time="0.99" classname="cucumberOptions.TestRunner"/>
  <testcase name="runScenario" time="0.793" classname="cucumberOptions.TestRunner"/>
  <testcase name="runScenario" time="0.79" classname="cucumberOptions.TestRunner"/>
  <testcase name="runScenario" time="0.814" classname="cucumberOptions.TestRunner"/>
  <testcase name="runScenario" time="0.829" classname="cucumberOptions.TestRunner"/>
  <testcase name="runScenario" time="0.888" classname="cucumberOptions.TestRunner"/>
  <testcase name="runScenario" time="0.87" classname="cucumberOptions.TestRunner"/>
  <testcase name="runScenario" time="0.773" classname="cucumberOptions.TestRunner"/>
  <testcase name="runScenario" time="0.301" classname="cucumberOptions.TestRunner"/>
  <testcase name="runScenario" time="0.128" classname="cucumberOptions.TestRunner">
    <failure type="java.lang.AssertionError" message="expected:&amp;lt;404&amp;gt; but was:&amp;lt;200&amp;gt;">
      <![CDATA[java.lang.AssertionError: expected:<404> but was:<200>
	at org.junit.Assert.fail(Assert.java:93)
	at org.junit.Assert.failNotEquals(Assert.java:647)
	at org.junit.Assert.assertEquals(Assert.java:128)
	at org.junit.Assert.assertEquals(Assert.java:472)
	at org.junit.Assert.assertEquals(Assert.java:456)
	at utility.CommonRest.verifyStatusCode(CommonRest.java:246)
	at StepDefinations.Common_Step_definations.verifyStatusCode(Common_Step_definations.java:41)
	at ✽.status code 404 should be displayed(file:///C:/Users/sdhawan/API_Project/RESTAPIFRAMEWORK/src/test/java/TestCases/Postman_GET_Google_API.feature:17)
]]>
    </failure>
  </testcase> <!-- runScenario -->
  <testcase name="runScenario" time="0.198" classname="cucumberOptions.TestRunner"/>
  <testcase name="runScenario" time="0.159" classname="cucumberOptions.TestRunner"/>
  <testcase name="runScenario" time="0.219" classname="cucumberOptions.TestRunner"/>
  <testcase name="runScenario" time="0.172" classname="cucumberOptions.TestRunner"/>
  <testcase name="runScenario" time="0.223" classname="cucumberOptions.TestRunner"/>
  <testcase name="runScenario" time="0.185" classname="cucumberOptions.TestRunner"/>
  <testcase name="runScenario" time="0.186" classname="cucumberOptions.TestRunner"/>
  <testcase name="runScenario" time="0.147" classname="cucumberOptions.TestRunner">
    <failure type="java.lang.AssertionError" message="expected:&amp;lt;200&amp;gt; but was:&amp;lt;404&amp;gt;">
      <![CDATA[java.lang.AssertionError: expected:<200> but was:<404>
	at org.junit.Assert.fail(Assert.java:93)
	at org.junit.Assert.failNotEquals(Assert.java:647)
	at org.junit.Assert.assertEquals(Assert.java:128)
	at org.junit.Assert.assertEquals(Assert.java:472)
	at org.junit.Assert.assertEquals(Assert.java:456)
	at utility.CommonRest.verifyStatusCode(CommonRest.java:246)
	at StepDefinations.Common_Step_definations.verifyStatusCode(Common_Step_definations.java:41)
	at ✽.status code 200 should be displayed(file:///C:/Users/sdhawan/API_Project/RESTAPIFRAMEWORK/src/test/java/TestCases/Postman_POST_Liabrary_API.feature:7)
]]>
    </failure>
  </testcase> <!-- runScenario -->
  <testcase name="runScenario" time="0.14" classname="cucumberOptions.TestRunner"/>
  <testcase name="runScenario" time="1.706" classname="cucumberOptions.TestRunner">
    <failure type="java.lang.AssertionError" message="expected:&amp;lt;200&amp;gt; but was:&amp;lt;404&amp;gt;">
      <![CDATA[java.lang.AssertionError: expected:<200> but was:<404>
	at org.junit.Assert.fail(Assert.java:93)
	at org.junit.Assert.failNotEquals(Assert.java:647)
	at org.junit.Assert.assertEquals(Assert.java:128)
	at org.junit.Assert.assertEquals(Assert.java:472)
	at org.junit.Assert.assertEquals(Assert.java:456)
	at utility.CommonRest.verifyStatusCode(CommonRest.java:246)
	at StepDefinations.Common_Step_definations.verifyStatusCode(Common_Step_definations.java:41)
	at ✽.status code 200 should be displayed(file:///C:/Users/sdhawan/API_Project/RESTAPIFRAMEWORK/src/test/java/TestCases/Postman_PUT_Google_API.feature:7)
]]>
    </failure>
  </testcase> <!-- runScenario -->
  <testcase name="runScenario" time="1.57" classname="cucumberOptions.TestRunner"/>
</testsuite> <!-- API Test Cases -->
