<?xml version="1.0" encoding="UTF-8"?>
<!-- Generated by org.testng.reporters.JUnitXMLReporter -->
<testsuite hostname="HIPUNL71802" name="API Test Cases" tests="13" failures="3" timestamp="23 Aug 2020 05:39:14 GMT" time="10.293" errors="0">
  <testcase name="runScenario" time="3.667" classname="cucumberOptions.TestRunner"/>
  <testcase name="runScenario" time="0.146" classname="cucumberOptions.TestRunner">
    <failure type="java.lang.AssertionError" message="expected:&amp;lt;404&amp;gt; but was:&amp;lt;200&amp;gt;">
      <![CDATA[java.lang.AssertionError: expected:<404> but was:<200>
	at org.junit.Assert.fail(Assert.java:89)
	at org.junit.Assert.failNotEquals(Assert.java:835)
	at org.junit.Assert.assertEquals(Assert.java:647)
	at org.junit.Assert.assertEquals(Assert.java:633)
	at utility.CommonRest.verifyStatusCode(CommonRest.java:257)
	at StepDefinations.Common_Step_definations.verifyStatusCode(Common_Step_definations.java:41)
	at ✽.status code 404 should be displayed(file:///C:/Users/sdhawan/API_Project/RESTAPIFRAMEWORK/src/test/java/Postman_TestCases/Postman_GET_Google_API.feature:17)
]]>
    </failure>
  </testcase> <!-- runScenario -->
  <testcase name="runScenario" time="0.839" classname="cucumberOptions.TestRunner"/>
  <testcase name="runScenario" time="0.169" classname="cucumberOptions.TestRunner"/>
  <testcase name="runScenario" time="0.204" classname="cucumberOptions.TestRunner"/>
  <testcase name="runScenario" time="0.199" classname="cucumberOptions.TestRunner"/>
  <testcase name="runScenario" time="0.231" classname="cucumberOptions.TestRunner"/>
  <testcase name="runScenario" time="0.193" classname="cucumberOptions.TestRunner"/>
  <testcase name="runScenario" time="0.189" classname="cucumberOptions.TestRunner"/>
  <testcase name="runScenario" time="0.117" classname="cucumberOptions.TestRunner">
    <failure type="java.lang.AssertionError" message="expected:&amp;lt;200&amp;gt; but was:&amp;lt;404&amp;gt;">
      <![CDATA[java.lang.AssertionError: expected:<200> but was:<404>
	at org.junit.Assert.fail(Assert.java:89)
	at org.junit.Assert.failNotEquals(Assert.java:835)
	at org.junit.Assert.assertEquals(Assert.java:647)
	at org.junit.Assert.assertEquals(Assert.java:633)
	at utility.CommonRest.verifyStatusCode(CommonRest.java:257)
	at StepDefinations.Common_Step_definations.verifyStatusCode(Common_Step_definations.java:41)
	at ✽.status code 200 should be displayed(file:///C:/Users/sdhawan/API_Project/RESTAPIFRAMEWORK/src/test/java/Postman_TestCases/Postman_POST_Liabrary_API.feature:7)
]]>
    </failure>
  </testcase> <!-- runScenario -->
  <testcase name="runScenario" time="0.163" classname="cucumberOptions.TestRunner"/>
  <testcase name="runScenario" time="1.643" classname="cucumberOptions.TestRunner">
    <failure type="java.lang.AssertionError" message="expected:&amp;lt;200&amp;gt; but was:&amp;lt;404&amp;gt;">
      <![CDATA[java.lang.AssertionError: expected:<200> but was:<404>
	at org.junit.Assert.fail(Assert.java:89)
	at org.junit.Assert.failNotEquals(Assert.java:835)
	at org.junit.Assert.assertEquals(Assert.java:647)
	at org.junit.Assert.assertEquals(Assert.java:633)
	at utility.CommonRest.verifyStatusCode(CommonRest.java:257)
	at StepDefinations.Common_Step_definations.verifyStatusCode(Common_Step_definations.java:41)
	at ✽.status code 200 should be displayed(file:///C:/Users/sdhawan/API_Project/RESTAPIFRAMEWORK/src/test/java/Postman_TestCases/Postman_PUT_Google_API.feature:7)
]]>
    </failure>
  </testcase> <!-- runScenario -->
  <testcase name="runScenario" time="1.64" classname="cucumberOptions.TestRunner"/>
</testsuite> <!-- API Test Cases -->
